1 tensor(4794.4180) tensor(0.4509) tensor(2836.8757) tensor(0.5340)
163.42423462867737
Model saved!
2 tensor(3433.2395) tensor(0.5315) tensor(2918.4519) tensor(0.5270)
162.88510632514954
3 tensor(3035.5266) tensor(0.5417) tensor(2691.1208) tensor(0.5373)
165.4434299468994
Model saved!
4 tensor(2939.6836) tensor(0.5438) tensor(2866.7522) tensor(0.5393)
169.0312089920044
Model saved!
5 tensor(3121.5730) tensor(0.5384) tensor(3075.2507) tensor(0.5388)
171.09618997573853
6 tensor(3034.3240) tensor(0.5408) tensor(3104.4709) tensor(0.5359)
171.81390070915222
7 tensor(3059.5679) tensor(0.5432) tensor(2914.8699) tensor(0.5429)
165.94584202766418
Model saved!
8 tensor(3032.6860) tensor(0.5415) tensor(3064.2610) tensor(0.5394)
172.7011559009552
9 tensor(3008.2834) tensor(0.5447) tensor(2688.8645) tensor(0.5506)
164.60417985916138
Model saved!
10 tensor(3036.6145) tensor(0.5473) tensor(2799.4558) tensor(0.5464)
165.28757190704346
11 tensor(3083.4077) tensor(0.5478) tensor(2669.3430) tensor(0.5384)
181.0719449520111
12 tensor(2991.9478) tensor(0.5478) tensor(2891.6116) tensor(0.5468)
188.08566665649414
13 tensor(3052.1560) tensor(0.5447) tensor(2939.0623) tensor(0.5476)
198.3699929714203
14 tensor(3044.9351) tensor(0.5481) tensor(3098.0771) tensor(0.5470)
185.01618218421936
