1 tensor(0.1026) tensor(0.4405) tensor(0.0910) tensor(0.5095)
155.74067187309265
Model saved!
2 tensor(0.0903) tensor(0.5155) tensor(0.0878) tensor(0.5183)
156.34940814971924
Model saved!
3 tensor(0.0888) tensor(0.5184) tensor(0.0864) tensor(0.5168)
154.7666139602661
4 tensor(0.0880) tensor(0.5219) tensor(0.0867) tensor(0.5177)
157.67826890945435
5 tensor(0.0875) tensor(0.5192) tensor(0.0865) tensor(0.5219)
158.06218099594116
Model saved!
6 tensor(0.0873) tensor(0.5191) tensor(0.0860) tensor(0.5174)
161.01988697052002
7 tensor(0.0871) tensor(0.5209) tensor(0.0866) tensor(0.5110)
157.3082549571991
8 tensor(0.0873) tensor(0.5187) tensor(0.0864) tensor(0.5226)
151.67674612998962
Model saved!
9 tensor(0.0872) tensor(0.5229) tensor(0.0870) tensor(0.5186)
151.87534308433533
10 tensor(0.0871) tensor(0.5206) tensor(0.0847) tensor(0.5122)
143.26229596138
11 tensor(0.0868) tensor(0.5218) tensor(0.0862) tensor(0.5182)
152.98816990852356
12 tensor(0.0868) tensor(0.5219) tensor(0.0867) tensor(0.5195)
169.99308705329895
13 tensor(0.0866) tensor(0.5207) tensor(0.0886) tensor(0.5248)
175.5366199016571
Model saved!
14 tensor(0.0861) tensor(0.5231) tensor(0.0858) tensor(0.5254)
185.39501810073853
Model saved!
15 tensor(0.0866) tensor(0.5205) tensor(0.0860) tensor(0.5207)
177.09129881858826
16 tensor(0.0865) tensor(0.5212) tensor(0.0868) tensor(0.5246)
134.20596289634705
17 tensor(0.0863) tensor(0.5229) tensor(0.0854) tensor(0.5133)
132.0509922504425
18 tensor(0.0862) tensor(0.5200) tensor(0.0864) tensor(0.5225)
122.85044002532959
19 tensor(0.0862) tensor(0.5211) tensor(0.0851) tensor(0.5181)
113.16065096855164
