1 tensor(3385.0647) tensor(0.4247) tensor(2853.7922) tensor(0.4459)
159.08867692947388
Model saved!
re-initialize model
2 tensor(3326.1782) tensor(0.4222) tensor(2763.4736) tensor(0.4659)
169.5334815979004
Model saved!
re-initialize model
3 tensor(3234.1428) tensor(0.4764) tensor(2169.6116) tensor(0.5461)
176.19881439208984
Model saved!
4 tensor(2068.1611) tensor(0.5479) tensor(1972.9521) tensor(0.5615)
169.73439168930054
Model saved!
5 tensor(1951.8250) tensor(0.5575) tensor(2050.8672) tensor(0.5434)
170.2826554775238
6 tensor(1896.4928) tensor(0.5633) tensor(1845.7152) tensor(0.5718)
167.29514002799988
Model saved!
7 tensor(1835.6035) tensor(0.5680) tensor(1844.7819) tensor(0.5677)
172.75231456756592
8 tensor(1783.0262) tensor(0.5721) tensor(1734.5267) tensor(0.5783)
168.48936343193054
Model saved!
9 tensor(1746.2211) tensor(0.5719) tensor(1711.5260) tensor(0.5778)
174.27392840385437
10 tensor(1728.7152) tensor(0.5743) tensor(1704.4364) tensor(0.5788)
169.54200673103333
Model saved!
11 tensor(1711.5393) tensor(0.5737) tensor(1691.8055) tensor(0.5763)
173.98361802101135
12 tensor(1699.5413) tensor(0.5745) tensor(1719.7007) tensor(0.5752)
170.2992434501648
13 tensor(1692.0193) tensor(0.5746) tensor(1683.4386) tensor(0.5770)
173.23634243011475
14 tensor(1679.1560) tensor(0.5768) tensor(1650.5643) tensor(0.5840)
173.22902631759644
Model saved!
15 tensor(1671.8073) tensor(0.5776) tensor(1646.5444) tensor(0.5828)
175.76253628730774
16 tensor(1668.2531) tensor(0.5773) tensor(1639.3038) tensor(0.5820)
169.68339824676514
17 tensor(1667.0414) tensor(0.5781) tensor(1635.9535) tensor(0.5830)
173.65796375274658
18 tensor(1657.9929) tensor(0.5776) tensor(1636.6859) tensor(0.5839)
174.97618341445923
19 tensor(1654.9249) tensor(0.5780) tensor(1684.7098) tensor(0.5751)
173.8605830669403
