1 tensor(3277.0884) tensor(0.4565) tensor(2286.9336) tensor(0.5225)
162.08886623382568
Model saved!
2 tensor(2100.0825) tensor(0.5431) tensor(1956.1201) tensor(0.5538)
164.4514102935791
Model saved!
3 tensor(1944.6630) tensor(0.5587) tensor(1897.0797) tensor(0.5569)
171.85261487960815
Model saved!
4 tensor(1871.9150) tensor(0.5650) tensor(1813.5062) tensor(0.5698)
173.03248143196106
Model saved!
5 tensor(1818.5079) tensor(0.5696) tensor(1785.7848) tensor(0.5702)
173.61059641838074
Model saved!
6 tensor(1783.2576) tensor(0.5734) tensor(1782.3179) tensor(0.5671)
174.35188722610474
7 tensor(1757.7244) tensor(0.5739) tensor(1895.7213) tensor(0.5460)
169.63963508605957
8 tensor(1733.6918) tensor(0.5734) tensor(1716.8632) tensor(0.5742)
173.3866684436798
Model saved!
9 tensor(1717.3380) tensor(0.5744) tensor(1707.6406) tensor(0.5727)
175.02361583709717
10 tensor(1706.9943) tensor(0.5761) tensor(1678.1802) tensor(0.5779)
169.6195158958435
Model saved!
11 tensor(1687.4720) tensor(0.5772) tensor(1707.5034) tensor(0.5724)
174.8898401260376
12 tensor(1681.6300) tensor(0.5782) tensor(1751.2567) tensor(0.5626)
168.2091555595398
13 tensor(1671.4669) tensor(0.5797) tensor(1673.4745) tensor(0.5762)
171.26888179779053
14 tensor(1667.8235) tensor(0.5797) tensor(1643.1012) tensor(0.5824)
171.81981921195984
Model saved!
15 tensor(1662.5242) tensor(0.5778) tensor(1637.3813) tensor(0.5789)
173.93964195251465
16 tensor(1658.4017) tensor(0.5779) tensor(1638.6896) tensor(0.5783)
167.8839385509491
17 tensor(1652.0409) tensor(0.5788) tensor(1629.0518) tensor(0.5762)
172.46948337554932
18 tensor(1647.2334) tensor(0.5807) tensor(1657.2489) tensor(0.5753)
172.98078846931458
19 tensor(1650.1078) tensor(0.5797) tensor(1677.6339) tensor(0.5712)
173.66861772537231
