1 tensor(3429.4688) tensor(0.4341) tensor(2321.0615) tensor(0.5381)
167.67403316497803
Model saved!
2 tensor(2087.1233) tensor(0.5481) tensor(1976.0511) tensor(0.5625)
170.7805881500244
Model saved!
3 tensor(1977.3190) tensor(0.5572) tensor(2016.1334) tensor(0.5521)
175.089688539505
4 tensor(1937.2394) tensor(0.5618) tensor(1897.3419) tensor(0.5672)
170.66662645339966
Model saved!
5 tensor(1917.9304) tensor(0.5650) tensor(1982.8539) tensor(0.5559)
176.82969188690186
6 tensor(1897.9215) tensor(0.5646) tensor(1838.0057) tensor(0.5751)
173.64874458312988
Model saved!
7 tensor(1875.3821) tensor(0.5669) tensor(1922.1320) tensor(0.5661)
175.8813009262085
8 tensor(1852.5802) tensor(0.5679) tensor(1944.8346) tensor(0.5616)
171.3778703212738
9 tensor(1829.5382) tensor(0.5692) tensor(1969.2734) tensor(0.5540)
175.008891582489
10 tensor(1817.6698) tensor(0.5703) tensor(1875.3226) tensor(0.5706)
176.6586401462555
11 tensor(1805.5315) tensor(0.5707) tensor(1794.0800) tensor(0.5753)
177.0006082057953
Model saved!
12 tensor(1779.1866) tensor(0.5732) tensor(1746.8322) tensor(0.5794)
176.1525526046753
Model saved!
13 tensor(1752.0262) tensor(0.5735) tensor(1809.3241) tensor(0.5712)
175.50287914276123
14 tensor(1735.5642) tensor(0.5763) tensor(1744.4342) tensor(0.5792)
169.52381706237793
15 tensor(1725.2292) tensor(0.5764) tensor(1724.1416) tensor(0.5783)
172.69845581054688
16 tensor(1715.1744) tensor(0.5769) tensor(1721.3018) tensor(0.5813)
170.85144138336182
Model saved!
17 tensor(1705.4877) tensor(0.5777) tensor(1706.1642) tensor(0.5816)
171.51578760147095
Model saved!
18 tensor(1697.7195) tensor(0.5772) tensor(1709.8824) tensor(0.5825)
173.57255458831787
Model saved!
19 tensor(1700.2609) tensor(0.5770) tensor(1722.0248) tensor(0.5785)
172.26409339904785
20 tensor(1692.6168) tensor(0.5791) tensor(1679.9489) tensor(0.5810)
168.0769956111908
21 tensor(1685.6180) tensor(0.5802) tensor(1710.8363) tensor(0.5748)
172.13908886909485
22 tensor(1686.1061) tensor(0.5790) tensor(1670.9058) tensor(0.5833)
171.6086368560791
Model saved!
23 tensor(1683.2406) tensor(0.5810) tensor(1710.5382) tensor(0.5750)
172.87666416168213
24 tensor(1672.7380) tensor(0.5810) tensor(1698.5846) tensor(0.5762)
167.4716284275055
25 tensor(1671.2351) tensor(0.5820) tensor(1746.7891) tensor(0.5724)
171.55154967308044
26 tensor(1672.0989) tensor(0.5823) tensor(1661.3165) tensor(0.5767)
170.0007119178772
27 tensor(1663.4596) tensor(0.5820) tensor(1680.2174) tensor(0.5751)
169.17096495628357
