1 tensor(3335.8149) tensor(0.4425) tensor(2154.9834) tensor(0.5420)
159.05375480651855
Model saved!
2 tensor(2076.1672) tensor(0.5470) tensor(1993.9150) tensor(0.5566)
162.73285269737244
Model saved!
3 tensor(1952.7296) tensor(0.5572) tensor(1965.8375) tensor(0.5460)
168.9314842224121
4 tensor(1861.4685) tensor(0.5662) tensor(1848.6646) tensor(0.5683)
166.03486585617065
Model saved!
5 tensor(1813.6334) tensor(0.5690) tensor(1798.2050) tensor(0.5665)
171.22135281562805
6 tensor(1787.4435) tensor(0.5680) tensor(1747.6968) tensor(0.5755)
168.2653729915619
Model saved!
7 tensor(1766.9103) tensor(0.5696) tensor(1861.4409) tensor(0.5535)
172.2452609539032
8 tensor(1750.0624) tensor(0.5703) tensor(1837.8812) tensor(0.5554)
167.99350333213806
9 tensor(1735.9475) tensor(0.5722) tensor(1701.3041) tensor(0.5738)
172.91238069534302
10 tensor(1721.3534) tensor(0.5733) tensor(1677.1367) tensor(0.5784)
172.64769220352173
Model saved!
11 tensor(1710.4510) tensor(0.5779) tensor(1661.3646) tensor(0.5831)
174.80045580863953
Model saved!
12 tensor(1704.0032) tensor(0.5763) tensor(1703.7159) tensor(0.5734)
176.33311986923218
13 tensor(1696.9299) tensor(0.5761) tensor(1676.7684) tensor(0.5716)
169.55710744857788
14 tensor(1677.9065) tensor(0.5759) tensor(1652.8267) tensor(0.5766)
173.75318431854248
15 tensor(1666.5149) tensor(0.5781) tensor(1623.2354) tensor(0.5838)
173.29728865623474
Model saved!
16 tensor(1656.3528) tensor(0.5776) tensor(1619.3418) tensor(0.5858)
174.97683811187744
Model saved!
17 tensor(1650.1620) tensor(0.5771) tensor(1657.8788) tensor(0.5767)
175.1611213684082
18 tensor(1647.4794) tensor(0.5769) tensor(1625.4010) tensor(0.5805)
169.18722224235535
19 tensor(1641.5216) tensor(0.5785) tensor(1626.3563) tensor(0.5768)
173.47942805290222
20 tensor(1637.4645) tensor(0.5776) tensor(1636.8281) tensor(0.5785)
175.79614162445068
21 tensor(1628.9006) tensor(0.5780) tensor(1613.8751) tensor(0.5887)
173.92846274375916
Model saved!
22 tensor(1626.0709) tensor(0.5781) tensor(1615.3595) tensor(0.5799)
174.292090177536
23 tensor(1625.6726) tensor(0.5784) tensor(1624.0175) tensor(0.5835)
169.8713297843933
24 tensor(1623.1813) tensor(0.5783) tensor(1609.7235) tensor(0.5911)
171.37418031692505
Model saved!
25 tensor(1623.4296) tensor(0.5783) tensor(1682.7690) tensor(0.5760)
172.87235569953918
26 tensor(1619.6593) tensor(0.5783) tensor(1604.1014) tensor(0.5904)
166.64880871772766
27 tensor(1617.1732) tensor(0.5794) tensor(1621.1729) tensor(0.5820)
170.86156368255615
28 tensor(1618.8717) tensor(0.5793) tensor(1609.4515) tensor(0.5838)
167.3942666053772
29 tensor(1612.9640) tensor(0.5807) tensor(1598.9696) tensor(0.5806)
166.9953055381775
