1 tensor(3230.8848) tensor(0.4668) tensor(2167.9182) tensor(0.5406)
163.90135645866394
Model saved!
2 tensor(2068.3320) tensor(0.5448) tensor(2001.5688) tensor(0.5506)
167.60631346702576
Model saved!
3 tensor(1990.7150) tensor(0.5501) tensor(1975.4077) tensor(0.5539)
173.57340574264526
Model saved!
4 tensor(1926.8334) tensor(0.5577) tensor(1908.0699) tensor(0.5619)
175.33778357505798
Model saved!
5 tensor(1862.8397) tensor(0.5673) tensor(1816.8348) tensor(0.5754)
176.50506138801575
Model saved!
6 tensor(1803.8135) tensor(0.5690) tensor(1742.1167) tensor(0.5822)
177.44229173660278
Model saved!
7 tensor(1749.4033) tensor(0.5747) tensor(1742.8317) tensor(0.5819)
176.89634537696838
8 tensor(1730.3479) tensor(0.5759) tensor(1727.0938) tensor(0.5798)
173.14410042762756
9 tensor(1715.4382) tensor(0.5742) tensor(1726.0563) tensor(0.5748)
177.77608489990234
10 tensor(1698.9211) tensor(0.5753) tensor(1695.6123) tensor(0.5785)
177.59383606910706
11 tensor(1692.3954) tensor(0.5774) tensor(1697.2515) tensor(0.5752)
178.68097615242004
