1 tensor(3170.9805) tensor(0.4652) tensor(2136.6516) tensor(0.5405)
145.50844955444336
Model saved!
2 tensor(2041.1320) tensor(0.5468) tensor(1980.2378) tensor(0.5476)
148.28462767601013
Model saved!
3 tensor(1950.0729) tensor(0.5568) tensor(2089.5598) tensor(0.5405)
155.5732500553131
4 tensor(1906.3660) tensor(0.5595) tensor(1861.3735) tensor(0.5565)
152.10826897621155
Model saved!
5 tensor(1873.4557) tensor(0.5640) tensor(1862.0958) tensor(0.5589)
159.55391645431519
Model saved!
6 tensor(1850.5289) tensor(0.5647) tensor(1792.8776) tensor(0.5696)
160.53103470802307
Model saved!
7 tensor(1821.2506) tensor(0.5664) tensor(1771.2899) tensor(0.5688)
159.06795406341553
8 tensor(1781.3741) tensor(0.5700) tensor(1748.8851) tensor(0.5732)
151.08508920669556
Model saved!
9 tensor(1754.5978) tensor(0.5710) tensor(1780.3842) tensor(0.5661)
155.1101200580597
10 tensor(1738.8085) tensor(0.5720) tensor(1728.9053) tensor(0.5721)
151.2415041923523
11 tensor(1728.6437) tensor(0.5741) tensor(1719.5869) tensor(0.5705)
155.1956753730774
12 tensor(1715.5446) tensor(0.5726) tensor(1688.3217) tensor(0.5709)
155.4659924507141
13 tensor(1710.5138) tensor(0.5735) tensor(1672.4237) tensor(0.5765)
160.03669500350952
Model saved!
14 tensor(1703.6006) tensor(0.5754) tensor(1701.6036) tensor(0.5717)
153.66978240013123
15 tensor(1686.8907) tensor(0.5756) tensor(1670.8467) tensor(0.5741)
140.14054036140442
16 tensor(1690.7146) tensor(0.5736) tensor(1665.5834) tensor(0.5717)
140.05719423294067
17 tensor(1679.2172) tensor(0.5741) tensor(1684.3925) tensor(0.5722)
139.62802124023438
18 tensor(1673.1244) tensor(0.5739) tensor(1668.4928) tensor(0.5729)
138.3223021030426
