1 tensor(3040.5898) tensor(0.4708) tensor(2220.4155) tensor(0.5340)
142.85184168815613
Model saved!
2 tensor(2062.6187) tensor(0.5454) tensor(2048.9070) tensor(0.5481)
144.97061848640442
Model saved!
3 tensor(1960.9843) tensor(0.5539) tensor(1870.0021) tensor(0.5650)
151.57417607307434
Model saved!
4 tensor(1916.3707) tensor(0.5577) tensor(1910.4927) tensor(0.5601)
153.04903745651245
5 tensor(1882.8304) tensor(0.5593) tensor(1831.3428) tensor(0.5698)
149.06084942817688
Model saved!
6 tensor(1877.5779) tensor(0.5611) tensor(1876.8872) tensor(0.5601)
154.24957633018494
7 tensor(1844.2604) tensor(0.5635) tensor(1804.7456) tensor(0.5702)
150.27797293663025
Model saved!
8 tensor(1822.8840) tensor(0.5658) tensor(1840.0905) tensor(0.5633)
155.0694715976715
9 tensor(1794.0400) tensor(0.5680) tensor(1791.2206) tensor(0.5716)
151.04546761512756
Model saved!
10 tensor(1768.3044) tensor(0.5704) tensor(1778.9381) tensor(0.5641)
155.9828028678894
11 tensor(1755.8806) tensor(0.5708) tensor(1762.7438) tensor(0.5698)
153.30334973335266
12 tensor(1747.2072) tensor(0.5711) tensor(1754.0031) tensor(0.5645)
151.11055064201355
13 tensor(1730.6700) tensor(0.5718) tensor(1711.1339) tensor(0.5725)
148.7859649658203
Model saved!
14 tensor(1730.1687) tensor(0.5714) tensor(1732.7393) tensor(0.5672)
152.2916235923767
15 tensor(1706.8926) tensor(0.5707) tensor(1701.7070) tensor(0.5746)
144.3574924468994
Model saved!
16 tensor(1690.7971) tensor(0.5717) tensor(1718.9254) tensor(0.5700)
149.61436128616333
17 tensor(1679.6725) tensor(0.5729) tensor(1670.7412) tensor(0.5758)
143.19277429580688
Model saved!
18 tensor(1673.8186) tensor(0.5726) tensor(1730.0765) tensor(0.5680)
147.22347784042358
19 tensor(1661.1847) tensor(0.5721) tensor(1701.6183) tensor(0.5698)
143.83878231048584
20 tensor(1659.0980) tensor(0.5721) tensor(1668.3365) tensor(0.5768)
146.0055468082428
Model saved!
21 tensor(1651.9749) tensor(0.5726) tensor(1712.0636) tensor(0.5705)
148.93489956855774
22 tensor(1644.8905) tensor(0.5744) tensor(1651.7388) tensor(0.5764)
144.37836146354675
23 tensor(1643.3024) tensor(0.5728) tensor(1683.4379) tensor(0.5725)
146.5522265434265
24 tensor(1637.6554) tensor(0.5728) tensor(1648.7612) tensor(0.5767)
147.3584542274475
25 tensor(1640.1492) tensor(0.5738) tensor(1674.0074) tensor(0.5706)
147.85359859466553
