1 tensor(3131.8381) tensor(0.4610) tensor(2100.0325) tensor(0.5438)
144.2148139476776
Model saved!
2 tensor(2026.2762) tensor(0.5475) tensor(2099.1118) tensor(0.5354)
146.61160969734192
3 tensor(1938.6874) tensor(0.5544) tensor(1927.3690) tensor(0.5583)
149.25588250160217
Model saved!
4 tensor(1893.0348) tensor(0.5611) tensor(1897.1294) tensor(0.5586)
155.19443321228027
Model saved!
5 tensor(1876.8435) tensor(0.5608) tensor(1897.1561) tensor(0.5543)
156.9770152568817
6 tensor(1865.7960) tensor(0.5620) tensor(1790.6356) tensor(0.5689)
152.7089273929596
Model saved!
7 tensor(1861.2423) tensor(0.5635) tensor(1832.5787) tensor(0.5655)
156.98859977722168
8 tensor(1862.9866) tensor(0.5630) tensor(1829.5345) tensor(0.5631)
152.1650035381317
9 tensor(1853.3812) tensor(0.5635) tensor(1802.8698) tensor(0.5679)
156.87612652778625
10 tensor(1829.4629) tensor(0.5646) tensor(1825.5477) tensor(0.5688)
156.75891041755676
11 tensor(1826.9452) tensor(0.5649) tensor(1832.7617) tensor(0.5602)
159.2449929714203
