1 tensor(3479.1140) tensor(0.4185) tensor(2647.4622) tensor(0.4636)
144.10318613052368
Model saved!
re-initialize model
2 tensor(3158.5242) tensor(0.4599) tensor(2185.1658) tensor(0.5393)
151.77386617660522
Model saved!
3 tensor(2082.7456) tensor(0.5445) tensor(2021.6105) tensor(0.5511)
152.96336007118225
Model saved!
4 tensor(1988.1033) tensor(0.5531) tensor(2158.6877) tensor(0.5352)
153.78261613845825
5 tensor(1943.7792) tensor(0.5595) tensor(1907.9443) tensor(0.5555)
150.5561339855194
Model saved!
6 tensor(1903.3827) tensor(0.5610) tensor(1875.6451) tensor(0.5636)
154.17509531974792
Model saved!
7 tensor(1884.3796) tensor(0.5623) tensor(1943.5804) tensor(0.5495)
155.83450174331665
8 tensor(1877.8983) tensor(0.5621) tensor(1852.3068) tensor(0.5615)
149.87785148620605
9 tensor(1875.1445) tensor(0.5624) tensor(1821.0035) tensor(0.5671)
154.9314956665039
Model saved!
10 tensor(1863.5002) tensor(0.5618) tensor(1814.7979) tensor(0.5625)
155.52916073799133
11 tensor(1840.0297) tensor(0.5650) tensor(1788.9406) tensor(0.5687)
151.39438700675964
Model saved!
12 tensor(1822.2723) tensor(0.5638) tensor(1776.5719) tensor(0.5638)
149.90907979011536
13 tensor(1780.3641) tensor(0.5676) tensor(1765.0404) tensor(0.5644)
144.55218887329102
14 tensor(1761.1709) tensor(0.5674) tensor(1838.9323) tensor(0.5543)
147.39009642601013
15 tensor(1734.2318) tensor(0.5704) tensor(1762.0913) tensor(0.5649)
146.3908314704895
16 tensor(1713.2881) tensor(0.5688) tensor(1687.3530) tensor(0.5755)
147.72079205513
Model saved!
17 tensor(1694.6483) tensor(0.5729) tensor(1722.3390) tensor(0.5695)
146.25283432006836
18 tensor(1683.8011) tensor(0.5715) tensor(1646.4604) tensor(0.5764)
141.1355140209198
Model saved!
19 tensor(1672.5427) tensor(0.5738) tensor(1668.1847) tensor(0.5721)
145.387841463089
20 tensor(1663.8210) tensor(0.5732) tensor(1632.3492) tensor(0.5763)
140.67461585998535
21 tensor(1654.0732) tensor(0.5724) tensor(1634.2133) tensor(0.5764)
142.67744874954224
Model saved!
22 tensor(1650.8734) tensor(0.5739) tensor(1648.2075) tensor(0.5766)
145.31142592430115
Model saved!
23 tensor(1646.5267) tensor(0.5726) tensor(1630.5298) tensor(0.5799)
145.06865572929382
Model saved!
24 tensor(1642.0654) tensor(0.5751) tensor(1646.0245) tensor(0.5744)
144.41114902496338
25 tensor(1638.8723) tensor(0.5741) tensor(1651.1801) tensor(0.5710)
139.6588487625122
26 tensor(1642.1779) tensor(0.5734) tensor(1636.2450) tensor(0.5767)
144.57100176811218
27 tensor(1638.0123) tensor(0.5752) tensor(1632.5616) tensor(0.5781)
141.81455445289612
28 tensor(1635.6287) tensor(0.5742) tensor(1667.8203) tensor(0.5697)
136.266597032547
