1 tensor(3572.8499) tensor(0.4224) tensor(2801.4216) tensor(0.4625)
159.3209686279297
Model saved!
re-initialize model
2 tensor(3350.0979) tensor(0.4544) tensor(2236.1799) tensor(0.5444)
168.93953919410706
Model saved!
3 tensor(2146.8760) tensor(0.5461) tensor(2055.3894) tensor(0.5543)
169.0150225162506
Model saved!
4 tensor(2047.8291) tensor(0.5538) tensor(1972.0685) tensor(0.5633)
169.56703543663025
Model saved!
5 tensor(2014.6322) tensor(0.5555) tensor(2064.2939) tensor(0.5484)
170.35423684120178
6 tensor(1988.4196) tensor(0.5562) tensor(1948.2334) tensor(0.5632)
166.5525360107422
7 tensor(2002.2458) tensor(0.5562) tensor(1929.8317) tensor(0.5685)
171.34667015075684
Model saved!
8 tensor(2000.0555) tensor(0.5559) tensor(1976.7794) tensor(0.5596)
173.48838639259338
9 tensor(1991.6744) tensor(0.5567) tensor(1920.1743) tensor(0.5657)
168.33852767944336
10 tensor(1937.6074) tensor(0.5592) tensor(1883.1665) tensor(0.5672)
173.8429310321808
11 tensor(1891.2252) tensor(0.5597) tensor(1891.9015) tensor(0.5621)
172.0010859966278
12 tensor(1870.5985) tensor(0.5607) tensor(1852.6484) tensor(0.5665)
173.26790976524353
