1 tensor(3209.0144) tensor(0.4606) tensor(2240.2314) tensor(0.5308)
143.51237893104553
Model saved!
2 tensor(2179.9009) tensor(0.5394) tensor(2074.4124) tensor(0.5450)
146.47737193107605
Model saved!
3 tensor(2078.8049) tensor(0.5447) tensor(2109.0347) tensor(0.5427)
152.9687352180481
4 tensor(2011.2394) tensor(0.5516) tensor(2014.3384) tensor(0.5564)
149.21166014671326
Model saved!
5 tensor(1975.8625) tensor(0.5566) tensor(1916.1089) tensor(0.5648)
153.6407015323639
Model saved!
6 tensor(1964.1840) tensor(0.5565) tensor(1909.0562) tensor(0.5577)
155.8584702014923
7 tensor(1945.6598) tensor(0.5587) tensor(1865.1948) tensor(0.5618)
151.349600315094
8 tensor(1918.8749) tensor(0.5593) tensor(1956.5865) tensor(0.5529)
156.6592652797699
9 tensor(1898.2809) tensor(0.5613) tensor(1872.6337) tensor(0.5608)
156.0608901977539
10 tensor(1877.3044) tensor(0.5619) tensor(1787.0426) tensor(0.5670)
157.6047477722168
Model saved!
11 tensor(1843.0160) tensor(0.5610) tensor(1820.1714) tensor(0.5642)
159.27786946296692
12 tensor(1825.5784) tensor(0.5635) tensor(1793.8779) tensor(0.5652)
147.9481496810913
13 tensor(1812.4506) tensor(0.5633) tensor(1796.3800) tensor(0.5633)
150.70150446891785
14 tensor(1815.2080) tensor(0.5640) tensor(1765.8329) tensor(0.5638)
151.64375257492065
15 tensor(1799.7528) tensor(0.5648) tensor(1773.2740) tensor(0.5640)
150.39640355110168
