1 tensor(3541.5493) tensor(0.4447) tensor(2357.3735) tensor(0.5318)
162.41167974472046
Model saved!
2 tensor(2219.6165) tensor(0.5379) tensor(2124.0813) tensor(0.5437)
165.04985404014587
Model saved!
3 tensor(2064.2524) tensor(0.5482) tensor(2017.7363) tensor(0.5582)
172.22067952156067
Model saved!
4 tensor(1997.5322) tensor(0.5535) tensor(2081.6704) tensor(0.5495)
173.36419343948364
5 tensor(1943.6534) tensor(0.5594) tensor(1946.0928) tensor(0.5588)
169.78059148788452
Model saved!
6 tensor(1886.4462) tensor(0.5630) tensor(1891.9169) tensor(0.5653)
174.59513473510742
Model saved!
7 tensor(1869.8966) tensor(0.5638) tensor(1820.8134) tensor(0.5720)
176.27515625953674
Model saved!
8 tensor(1852.1613) tensor(0.5638) tensor(1861.6100) tensor(0.5607)
175.06940603256226
9 tensor(1821.3175) tensor(0.5647) tensor(1812.8260) tensor(0.5704)
171.72569942474365
10 tensor(1823.6405) tensor(0.5639) tensor(1808.8077) tensor(0.5675)
177.03188133239746
11 tensor(1815.5612) tensor(0.5644) tensor(1782.7451) tensor(0.5739)
176.02402138710022
Model saved!
12 tensor(1814.1514) tensor(0.5639) tensor(1773.3002) tensor(0.5732)
177.63396525382996
13 tensor(1802.2103) tensor(0.5646) tensor(1795.5073) tensor(0.5664)
173.8325457572937
14 tensor(1784.9910) tensor(0.5653) tensor(1824.3600) tensor(0.5649)
175.73705387115479
15 tensor(1782.8231) tensor(0.5661) tensor(1788.6216) tensor(0.5662)
171.2498848438263
16 tensor(1788.2024) tensor(0.5660) tensor(1812.7711) tensor(0.5632)
166.49892163276672
