1 tensor(3308.8127) tensor(0.4683) tensor(2287.5710) tensor(0.5325)
143.67430090904236
Model saved!
2 tensor(2178.8926) tensor(0.5414) tensor(2016.9567) tensor(0.5557)
145.9946689605713
Model saved!
3 tensor(2044.9115) tensor(0.5524) tensor(1937.9595) tensor(0.5568)
152.59373712539673
Model saved!
4 tensor(1995.9568) tensor(0.5572) tensor(2011.5526) tensor(0.5553)
153.97081398963928
5 tensor(1969.8934) tensor(0.5588) tensor(2013.6205) tensor(0.5523)
150.13513779640198
6 tensor(1928.4962) tensor(0.5607) tensor(1943.7856) tensor(0.5493)
154.82926082611084
7 tensor(1915.6049) tensor(0.5613) tensor(1954.4537) tensor(0.5491)
154.8248131275177
8 tensor(1903.1169) tensor(0.5602) tensor(1845.4750) tensor(0.5629)
156.98159909248352
Model saved!
9 tensor(1890.7186) tensor(0.5598) tensor(1830.9404) tensor(0.5564)
157.13876914978027
10 tensor(1874.2458) tensor(0.5618) tensor(1811.3002) tensor(0.5607)
152.12478184700012
11 tensor(1862.5310) tensor(0.5621) tensor(1851.0299) tensor(0.5538)
157.52251768112183
12 tensor(1847.1932) tensor(0.5620) tensor(1849.0093) tensor(0.5569)
152.14963364601135
13 tensor(1846.4221) tensor(0.5637) tensor(1785.3649) tensor(0.5616)
150.51304864883423
