1 tensor(3475.9607) tensor(0.4607) tensor(2434.4238) tensor(0.5316)
160.5650110244751
Model saved!
2 tensor(2284.1206) tensor(0.5455) tensor(2174.9167) tensor(0.5418)
162.7145369052887
Model saved!
3 tensor(2148.6577) tensor(0.5550) tensor(2083.7444) tensor(0.5549)
169.4278290271759
Model saved!
4 tensor(2118.9509) tensor(0.5612) tensor(2017.9774) tensor(0.5630)
170.7480113506317
Model saved!
5 tensor(2106.4878) tensor(0.5590) tensor(2010.6963) tensor(0.5602)
171.19985628128052
6 tensor(2068.9495) tensor(0.5594) tensor(2222.5776) tensor(0.5403)
168.02475309371948
7 tensor(2098.8379) tensor(0.5601) tensor(2080.5149) tensor(0.5544)
172.5961992740631
8 tensor(2054.2446) tensor(0.5624) tensor(2047.6127) tensor(0.5562)
172.725346326828
9 tensor(2052.4963) tensor(0.5608) tensor(2056.1086) tensor(0.5544)
173.94191336631775
