1 tensor(3697.3198) tensor(0.4443) tensor(2423.8245) tensor(0.5375)
160.35393166542053
Model saved!
2 tensor(2389.1738) tensor(0.5391) tensor(2300.0137) tensor(0.5420)
163.76127409934998
Model saved!
3 tensor(2241.0120) tensor(0.5483) tensor(2186.7930) tensor(0.5484)
169.73037457466125
Model saved!
4 tensor(2188.2607) tensor(0.5529) tensor(2228.8489) tensor(0.5493)
170.95391726493835
Model saved!
5 tensor(2148.4485) tensor(0.5547) tensor(2099.5005) tensor(0.5579)
171.32179498672485
Model saved!
6 tensor(2152.9285) tensor(0.5551) tensor(2114.5898) tensor(0.5552)
171.8264787197113
7 tensor(2176.9773) tensor(0.5531) tensor(2135.4529) tensor(0.5617)
167.41203379631042
Model saved!
8 tensor(2172.1697) tensor(0.5543) tensor(2233.4412) tensor(0.5499)
171.18414521217346
9 tensor(2179.9958) tensor(0.5524) tensor(2184.6223) tensor(0.5540)
167.09660363197327
10 tensor(2169.0911) tensor(0.5514) tensor(2135.6216) tensor(0.5536)
172.05153250694275
11 tensor(2194.7097) tensor(0.5552) tensor(2248.6401) tensor(0.5468)
170.0120050907135
12 tensor(2211.1565) tensor(0.5550) tensor(2228.7117) tensor(0.5513)
170.4338035583496
