1 tensor(3719.2974) tensor(0.4181) tensor(3130.8469) tensor(0.4465)
160.0666949748993
Model saved!
re-initialize model
2 tensor(3652.9910) tensor(0.4467) tensor(2437.4961) tensor(0.5316)
171.8514120578766
Model saved!
3 tensor(2418.8335) tensor(0.5399) tensor(2246.2200) tensor(0.5521)
169.71518564224243
Model saved!
4 tensor(2258.3052) tensor(0.5501) tensor(2191.5989) tensor(0.5548)
170.9604721069336
Model saved!
5 tensor(2192.6274) tensor(0.5552) tensor(2207.5051) tensor(0.5522)
171.89068269729614
6 tensor(2150.2249) tensor(0.5554) tensor(2037.9058) tensor(0.5580)
168.43243265151978
Model saved!
7 tensor(2128.5503) tensor(0.5542) tensor(2141.6125) tensor(0.5583)
173.34258842468262
Model saved!
8 tensor(2136.6357) tensor(0.5552) tensor(2253.0835) tensor(0.5498)
175.1959445476532
9 tensor(2111.9070) tensor(0.5562) tensor(2106.8044) tensor(0.5548)
169.07616782188416
10 tensor(2128.8059) tensor(0.5538) tensor(2134.7236) tensor(0.5496)
174.5716998577118
11 tensor(2085.1023) tensor(0.5562) tensor(2099.6550) tensor(0.5579)
172.92877507209778
12 tensor(2070.2634) tensor(0.5575) tensor(2074.1311) tensor(0.5587)
174.85049724578857
Model saved!
13 tensor(2083.4248) tensor(0.5571) tensor(2123.1133) tensor(0.5561)
177.35671544075012
14 tensor(2112.5701) tensor(0.5533) tensor(2107.2112) tensor(0.5564)
169.27661061286926
15 tensor(2100.2246) tensor(0.5561) tensor(2029.1289) tensor(0.5599)
170.86614298820496
Model saved!
16 tensor(2084.6719) tensor(0.5548) tensor(2102.1462) tensor(0.5539)
165.61947536468506
17 tensor(2102.5493) tensor(0.5556) tensor(2161.0420) tensor(0.5565)
162.89810943603516
18 tensor(2102.0999) tensor(0.5568) tensor(2131.0408) tensor(0.5586)
156.77654314041138
19 tensor(2104.0110) tensor(0.5558) tensor(2134.2715) tensor(0.5577)
154.54546666145325
20 tensor(2093.3167) tensor(0.5538) tensor(2144.7439) tensor(0.5492)
157.01353216171265
