1 tensor(3316.1038) tensor(0.4854) tensor(2252.2871) tensor(0.5431)
156.28831458091736
Model saved!
2 tensor(2334.1672) tensor(0.5401) tensor(2368.9539) tensor(0.5406)
159.66987538337708
3 tensor(2320.4753) tensor(0.5415) tensor(2353.4573) tensor(0.5507)
162.20573353767395
Model saved!
4 tensor(2324.3870) tensor(0.5413) tensor(2349.0588) tensor(0.5502)
168.1148223876953
5 tensor(2325.1470) tensor(0.5427) tensor(2242.5117) tensor(0.5543)
164.12319612503052
Model saved!
6 tensor(2337.4995) tensor(0.5450) tensor(2329.0618) tensor(0.5509)
168.74719858169556
7 tensor(2327.1462) tensor(0.5446) tensor(2219.1277) tensor(0.5516)
165.08545112609863
8 tensor(2350.9587) tensor(0.5433) tensor(2238.2637) tensor(0.5547)
168.7822880744934
Model saved!
9 tensor(2353.2122) tensor(0.5424) tensor(2258.6982) tensor(0.5581)
172.60264372825623
Model saved!
10 tensor(2310.4565) tensor(0.5447) tensor(2131.6233) tensor(0.5564)
172.6358232498169
11 tensor(2298.9421) tensor(0.5465) tensor(2247.4260) tensor(0.5518)
165.34312343597412
12 tensor(2301.0247) tensor(0.5449) tensor(2494.2659) tensor(0.5458)
169.35253071784973
13 tensor(2307.9478) tensor(0.5459) tensor(2213.2788) tensor(0.5560)
171.67274355888367
14 tensor(2303.1411) tensor(0.5430) tensor(2163.5583) tensor(0.5507)
170.49774932861328
