1 tensor(3497.6082) tensor(0.4682) tensor(2364.6792) tensor(0.5383)
163.12371802330017
Model saved!
2 tensor(2397.8806) tensor(0.5334) tensor(2569.5244) tensor(0.5386)
165.9054708480835
Model saved!
3 tensor(2358.4084) tensor(0.5391) tensor(2424.5745) tensor(0.5416)
173.43751454353333
Model saved!
4 tensor(2335.6648) tensor(0.5409) tensor(2529.3970) tensor(0.5400)
173.3974347114563
5 tensor(2374.2876) tensor(0.5412) tensor(2280.5403) tensor(0.5405)
170.35286045074463
6 tensor(2405.1560) tensor(0.5402) tensor(2358.6384) tensor(0.5430)
175.46011185646057
Model saved!
7 tensor(2374.8547) tensor(0.5422) tensor(2424.3059) tensor(0.5499)
176.67239499092102
Model saved!
8 tensor(2375.9722) tensor(0.5403) tensor(2533.6360) tensor(0.5395)
177.15239572525024
9 tensor(2360.0493) tensor(0.5421) tensor(2225.9731) tensor(0.5372)
172.51795721054077
10 tensor(2352.0703) tensor(0.5415) tensor(2356.4075) tensor(0.5444)
177.2915370464325
11 tensor(2354.5642) tensor(0.5403) tensor(2384.3931) tensor(0.5432)
175.95137763023376
12 tensor(2341.3298) tensor(0.5421) tensor(2451.8953) tensor(0.5410)
177.92701959609985
