1 tensor(4045.0515) tensor(0.4633) tensor(3382.3425) tensor(0.5172)
158.6028127670288
Model saved!
2 tensor(2882.3938) tensor(0.5323) tensor(2761.2444) tensor(0.5371)
160.6907320022583
Model saved!
3 tensor(2648.1335) tensor(0.5379) tensor(2609.1433) tensor(0.5399)
168.37906122207642
Model saved!
4 tensor(2536.7537) tensor(0.5401) tensor(2475.1279) tensor(0.5492)
168.7528533935547
Model saved!
5 tensor(2452.9497) tensor(0.5426) tensor(2422.0105) tensor(0.5484)
169.70472073554993
6 tensor(2510.1919) tensor(0.5432) tensor(2526.8557) tensor(0.5314)
165.94087314605713
7 tensor(2517.7075) tensor(0.5438) tensor(2576.3164) tensor(0.5445)
170.7450728416443
8 tensor(2470.1033) tensor(0.5462) tensor(2483.3684) tensor(0.5463)
170.71673798561096
9 tensor(2446.1016) tensor(0.5457) tensor(2499.7625) tensor(0.5515)
172.95933961868286
Model saved!
10 tensor(2400.2268) tensor(0.5474) tensor(2336.2542) tensor(0.5523)
172.2938244342804
Model saved!
11 tensor(2402.7625) tensor(0.5498) tensor(2419.4412) tensor(0.5470)
173.16707277297974
12 tensor(2401.2546) tensor(0.5501) tensor(2377.6648) tensor(0.5503)
166.48963594436646
13 tensor(2394.1812) tensor(0.5484) tensor(2538.3965) tensor(0.5385)
170.889333486557
14 tensor(2419.9475) tensor(0.5509) tensor(2429.6746) tensor(0.5530)
170.09639739990234
Model saved!
15 tensor(2398.9656) tensor(0.5534) tensor(2452.2224) tensor(0.5502)
170.9523000717163
16 tensor(2426.0901) tensor(0.5517) tensor(2325.0447) tensor(0.5574)
166.18852043151855
Model saved!
17 tensor(2388.1042) tensor(0.5539) tensor(2396.3992) tensor(0.5596)
168.90010738372803
Model saved!
18 tensor(2415.3445) tensor(0.5532) tensor(2398.0344) tensor(0.5577)
170.0199580192566
19 tensor(2421.3960) tensor(0.5534) tensor(2346.5840) tensor(0.5586)
163.70905327796936
20 tensor(2414.0491) tensor(0.5530) tensor(2439.7258) tensor(0.5494)
168.20912504196167
21 tensor(2416.2251) tensor(0.5536) tensor(2559.3914) tensor(0.5409)
167.5499074459076
22 tensor(2421.1978) tensor(0.5528) tensor(2483.9634) tensor(0.5568)
168.15132522583008
