1 tensor(4394.7642) tensor(0.4151) tensor(3052.9568) tensor(0.4657)
160.22002363204956
Model saved!
re-initialize model
2 tensor(4444.3740) tensor(0.4273) tensor(3178.4250) tensor(0.5268)
169.83939027786255
Model saved!
3 tensor(2630.7817) tensor(0.5373) tensor(2330.8865) tensor(0.5480)
169.91222143173218
Model saved!
4 tensor(2454.4763) tensor(0.5478) tensor(2535.5845) tensor(0.5423)
170.70045232772827
5 tensor(2394.7642) tensor(0.5488) tensor(2333.8142) tensor(0.5527)
167.11758685112
Model saved!
6 tensor(2394.2771) tensor(0.5525) tensor(2320.3079) tensor(0.5522)
172.12987303733826
7 tensor(2364.2876) tensor(0.5509) tensor(2261.0813) tensor(0.5541)
167.73372340202332
Model saved!
8 tensor(2340.7976) tensor(0.5519) tensor(2298.6350) tensor(0.5531)
173.43529391288757
9 tensor(2346.6191) tensor(0.5530) tensor(2308.5017) tensor(0.5491)
170.14619827270508
10 tensor(2394.1484) tensor(0.5506) tensor(2363.0537) tensor(0.5514)
172.94192790985107
11 tensor(2380.2332) tensor(0.5512) tensor(2345.4692) tensor(0.5488)
172.9170913696289
12 tensor(2382.4087) tensor(0.5529) tensor(2397.9692) tensor(0.5405)
174.22344326972961
