1 tensor(3909.9009) tensor(0.4535) tensor(2460.5969) tensor(0.5329)
163.3650040626526
Model saved!
2 tensor(2442.5581) tensor(0.5430) tensor(2551.4277) tensor(0.5098)
163.95532178878784
3 tensor(2314.7686) tensor(0.5503) tensor(2159.7734) tensor(0.5523)
167.3937656879425
Model saved!
4 tensor(2294.6982) tensor(0.5552) tensor(2153.2107) tensor(0.5563)
172.63066935539246
Model saved!
5 tensor(2298.2473) tensor(0.5544) tensor(2180.2766) tensor(0.5565)
174.20304489135742
Model saved!
6 tensor(2306.4226) tensor(0.5547) tensor(2217.7988) tensor(0.5505)
175.03248500823975
7 tensor(2316.2446) tensor(0.5537) tensor(2244.9387) tensor(0.5618)
169.02464818954468
Model saved!
8 tensor(2390.3784) tensor(0.5541) tensor(2414.8108) tensor(0.5587)
175.1558277606964
9 tensor(2442.4570) tensor(0.5519) tensor(2368.9326) tensor(0.5556)
170.57718563079834
10 tensor(2419.2720) tensor(0.5544) tensor(2694.0002) tensor(0.5342)
175.06188988685608
11 tensor(2445.8496) tensor(0.5518) tensor(2473.8240) tensor(0.5466)
174.95931267738342
12 tensor(2432.3801) tensor(0.5530) tensor(2444.1946) tensor(0.5476)
176.2818500995636
