1 tensor(5160.9644) tensor(0.4555) tensor(2907.5168) tensor(0.5320)
157.40173530578613
Model saved!
2 tensor(3415.8718) tensor(0.5284) tensor(3195.8259) tensor(0.5362)
159.63910222053528
Model saved!
3 tensor(2889.7493) tensor(0.5404) tensor(2915.2532) tensor(0.5315)
165.70580577850342
4 tensor(2761.3250) tensor(0.5458) tensor(2634.0610) tensor(0.5504)
162.01291584968567
Model saved!
5 tensor(2708.0234) tensor(0.5447) tensor(2825.6697) tensor(0.5444)
167.55213499069214
6 tensor(2664.7595) tensor(0.5470) tensor(2608.2935) tensor(0.5421)
164.28700828552246
7 tensor(2664.7212) tensor(0.5479) tensor(2615.8625) tensor(0.5487)
168.31139421463013
8 tensor(2785.2239) tensor(0.5471) tensor(2685.9602) tensor(0.5508)
168.03171586990356
Model saved!
9 tensor(2829.2754) tensor(0.5466) tensor(2816.8279) tensor(0.5484)
170.8090431690216
10 tensor(2849.5454) tensor(0.5484) tensor(2650.8767) tensor(0.5470)
165.77012133598328
11 tensor(2847.8960) tensor(0.5466) tensor(3065.1562) tensor(0.5505)
170.9859917163849
12 tensor(2912.4819) tensor(0.5475) tensor(2880.1143) tensor(0.5457)
168.96406722068787
13 tensor(2932.2969) tensor(0.5474) tensor(2942.2336) tensor(0.5428)
170.9690568447113
