1 tensor(4226.7163) tensor(0.4613) tensor(3716.1853) tensor(0.5203)
165.40397000312805
Model saved!
2 tensor(2971.2847) tensor(0.5348) tensor(2684.3345) tensor(0.5463)
167.64847993850708
Model saved!
3 tensor(2805.0588) tensor(0.5399) tensor(2640.5474) tensor(0.5418)
174.22960114479065
4 tensor(2934.2563) tensor(0.5386) tensor(2984.8523) tensor(0.5424)
170.82065510749817
5 tensor(2876.3420) tensor(0.5460) tensor(3064.3713) tensor(0.5423)
176.00857877731323
6 tensor(2857.0659) tensor(0.5460) tensor(2926.0784) tensor(0.5526)
176.78021574020386
Model saved!
7 tensor(2854.6736) tensor(0.5498) tensor(3104.8586) tensor(0.5475)
178.3687174320221
8 tensor(2874.2751) tensor(0.5510) tensor(2600.9509) tensor(0.5502)
174.25331735610962
9 tensor(2902.3813) tensor(0.5480) tensor(3090.6514) tensor(0.5449)
179.15386176109314
10 tensor(2922.8491) tensor(0.5494) tensor(2821.9094) tensor(0.5567)
178.05533409118652
Model saved!
11 tensor(2895.7383) tensor(0.5503) tensor(3027.3877) tensor(0.5478)
180.38543510437012
12 tensor(3093.0007) tensor(0.5469) tensor(2909.8425) tensor(0.5490)
173.50560116767883
13 tensor(2959.4082) tensor(0.5474) tensor(2946.1140) tensor(0.5504)
179.4731113910675
14 tensor(3015.7195) tensor(0.5482) tensor(2801.0833) tensor(0.5523)
179.62906122207642
15 tensor(2938.0120) tensor(0.5492) tensor(3072.4524) tensor(0.5447)
180.59314632415771
