1 tensor(4663.6880) tensor(0.4093) tensor(3786.7295) tensor(0.4542)
161.2856879234314
Model saved!
re-initialize model
2 tensor(4730.0186) tensor(0.4426) tensor(3649.1318) tensor(0.5283)
170.54072666168213
Model saved!
3 tensor(3514.5007) tensor(0.5266) tensor(3168.5049) tensor(0.5203)
171.30507636070251
4 tensor(2957.9812) tensor(0.5333) tensor(2849.6672) tensor(0.5364)
168.29644680023193
Model saved!
5 tensor(2808.9663) tensor(0.5386) tensor(2685.4404) tensor(0.5528)
171.47206139564514
Model saved!
6 tensor(2681.7031) tensor(0.5442) tensor(2775.4333) tensor(0.5434)
173.65805792808533
7 tensor(2666.9551) tensor(0.5444) tensor(3210.4050) tensor(0.5348)
169.29242730140686
8 tensor(2710.8008) tensor(0.5482) tensor(2403.8149) tensor(0.5578)
173.36355829238892
Model saved!
9 tensor(2751.1824) tensor(0.5519) tensor(2881.6340) tensor(0.5508)
175.72048568725586
10 tensor(2893.0112) tensor(0.5472) tensor(3144.8923) tensor(0.5447)
169.38402009010315
11 tensor(3006.4565) tensor(0.5440) tensor(2712.6604) tensor(0.5493)
173.9821548461914
12 tensor(2921.0085) tensor(0.5474) tensor(2834.9412) tensor(0.5554)
174.44553184509277
13 tensor(2959.7466) tensor(0.5490) tensor(3010.0779) tensor(0.5481)
176.58239197731018
