1 tensor(4391.0962) tensor(0.4214) tensor(3054.9736) tensor(0.4538)
159.01774287223816
Model saved!
re-initialize model
2 tensor(4234.2056) tensor(0.4526) tensor(3482.6829) tensor(0.5048)
168.5144007205963
Model saved!
3 tensor(2950.8452) tensor(0.5336) tensor(2843.2859) tensor(0.5361)
168.54753303527832
Model saved!
4 tensor(2874.2576) tensor(0.5387) tensor(3149.2041) tensor(0.5316)
169.2254457473755
5 tensor(2693.0210) tensor(0.5450) tensor(2618.2444) tensor(0.5592)
164.68157362937927
Model saved!
6 tensor(2483.7908) tensor(0.5558) tensor(2657.6819) tensor(0.5426)
167.89328932762146
7 tensor(2537.0818) tensor(0.5570) tensor(2662.2688) tensor(0.5587)
164.12275528907776
8 tensor(2624.3401) tensor(0.5550) tensor(2890.4160) tensor(0.5521)
168.20328831672668
9 tensor(2678.4246) tensor(0.5539) tensor(2529.2834) tensor(0.5603)
169.3869321346283
Model saved!
10 tensor(2756.7205) tensor(0.5500) tensor(2847.1074) tensor(0.5521)
170.2780201435089
11 tensor(2779.5706) tensor(0.5504) tensor(2948.1736) tensor(0.5518)
166.65577840805054
12 tensor(2958.3833) tensor(0.5519) tensor(3091.5554) tensor(0.5511)
168.43600010871887
13 tensor(2895.7312) tensor(0.5521) tensor(2989.7668) tensor(0.5467)
169.1246302127838
14 tensor(2940.7688) tensor(0.5520) tensor(2794.9270) tensor(0.5572)
169.2718493938446
