1 tensor(4526.6421) tensor(0.4503) tensor(3314.8811) tensor(0.5316)
162.59625554084778
Model saved!
2 tensor(2937.7981) tensor(0.5335) tensor(3243.5303) tensor(0.5319)
165.44881415367126
Model saved!
3 tensor(2689.6580) tensor(0.5402) tensor(2719.1667) tensor(0.5390)
172.26859879493713
Model saved!
4 tensor(2712.8477) tensor(0.5403) tensor(2675.2119) tensor(0.5342)
172.48562169075012
5 tensor(2794.1487) tensor(0.5383) tensor(2688.4067) tensor(0.5546)
167.7174940109253
Model saved!
6 tensor(2710.1658) tensor(0.5407) tensor(2748.9187) tensor(0.5481)
173.18062686920166
7 tensor(2753.5454) tensor(0.5421) tensor(2709.4102) tensor(0.5478)
169.31508898735046
8 tensor(2692.6829) tensor(0.5416) tensor(2839.4543) tensor(0.5385)
173.07934975624084
9 tensor(2741.0334) tensor(0.5413) tensor(2740.1814) tensor(0.5462)
174.95067882537842
10 tensor(2743.3530) tensor(0.5428) tensor(2806.9094) tensor(0.5455)
175.41710138320923
