1 tensor(5458.8193) tensor(0.4298) tensor(4139.9780) tensor(0.5197)
151.75343823432922
Model saved!
2 tensor(3713.1736) tensor(0.5261) tensor(3795.4932) tensor(0.5325)
154.49738097190857
Model saved!
3 tensor(3546.7747) tensor(0.5300) tensor(3395.1672) tensor(0.5351)
161.72153401374817
Model saved!
4 tensor(3327.4260) tensor(0.5366) tensor(3588.2917) tensor(0.5307)
162.90039205551147
5 tensor(3280.7937) tensor(0.5402) tensor(3585.5754) tensor(0.5393)
159.0439157485962
Model saved!
6 tensor(3359.0452) tensor(0.5386) tensor(3420.7156) tensor(0.5377)
164.43809962272644
7 tensor(3463.5403) tensor(0.5395) tensor(3231.2800) tensor(0.5468)
160.63154125213623
Model saved!
8 tensor(3512.5442) tensor(0.5382) tensor(3428.7366) tensor(0.5463)
165.44141721725464
9 tensor(3671.0293) tensor(0.5373) tensor(3805.6970) tensor(0.5353)
162.9068467617035
10 tensor(3832.7068) tensor(0.5357) tensor(4269.9648) tensor(0.5338)
162.35014367103577
11 tensor(3895.5366) tensor(0.5353) tensor(3928.1816) tensor(0.5295)
162.37360167503357
12 tensor(3912.1492) tensor(0.5379) tensor(3872.8093) tensor(0.5382)
163.95452308654785
