1 tensor(5776.2686) tensor(0.4309) tensor(3618.7971) tensor(0.5246)
149.22835040092468
Model saved!
2 tensor(3666.1526) tensor(0.5233) tensor(3492.6912) tensor(0.5319)
152.31272196769714
Model saved!
3 tensor(3292.4250) tensor(0.5321) tensor(3658.1016) tensor(0.5415)
160.06684112548828
Model saved!
4 tensor(3759.8003) tensor(0.5290) tensor(3325.4014) tensor(0.5429)
160.90856099128723
Model saved!
5 tensor(3767.4277) tensor(0.5316) tensor(3591.2441) tensor(0.5407)
158.93709254264832
6 tensor(3566.2068) tensor(0.5329) tensor(3327.5898) tensor(0.5488)
150.74544191360474
Model saved!
7 tensor(3850.4275) tensor(0.5312) tensor(3720.9016) tensor(0.5362)
152.74288415908813
8 tensor(3823.8650) tensor(0.5368) tensor(4125.3916) tensor(0.5425)
151.17296504974365
9 tensor(3737.9578) tensor(0.5346) tensor(3542.1824) tensor(0.5434)
152.05768513679504
10 tensor(4065.4546) tensor(0.5317) tensor(4577.7163) tensor(0.5386)
152.92961764335632
11 tensor(4246.3877) tensor(0.5332) tensor(4169.2095) tensor(0.5435)
154.0894193649292
