1 tensor(4339.0566) tensor(0.4140) tensor(3278.6331) tensor(0.4508)
146.60829401016235
Model saved!
re-initialize model
2 tensor(5315.8828) tensor(0.4385) tensor(3990.3264) tensor(0.5055)
156.33577966690063
Model saved!
3 tensor(3828.3069) tensor(0.5202) tensor(3724.5164) tensor(0.5257)
157.14954924583435
Model saved!
4 tensor(3436.7773) tensor(0.5317) tensor(3262.0342) tensor(0.5296)
157.71663856506348
Model saved!
5 tensor(3069.3052) tensor(0.5382) tensor(3297.7930) tensor(0.5362)
159.02452158927917
Model saved!
6 tensor(3099.4214) tensor(0.5406) tensor(3080.2559) tensor(0.5400)
160.04409432411194
Model saved!
7 tensor(3009.9077) tensor(0.5425) tensor(2841.3181) tensor(0.5359)
159.81986260414124
8 tensor(3110.6912) tensor(0.5419) tensor(3155.7542) tensor(0.5300)
156.33475947380066
9 tensor(3097.5454) tensor(0.5432) tensor(3133.2136) tensor(0.5392)
160.19794535636902
10 tensor(3088.8906) tensor(0.5424) tensor(3043.6172) tensor(0.5468)
158.9937174320221
Model saved!
11 tensor(3141.3008) tensor(0.5443) tensor(3322.8103) tensor(0.5382)
159.20599627494812
12 tensor(3232.6680) tensor(0.5437) tensor(3473.2268) tensor(0.5344)
153.92029285430908
13 tensor(3390.5581) tensor(0.5451) tensor(3398.4744) tensor(0.5348)
158.92261862754822
14 tensor(3419.1929) tensor(0.5464) tensor(3494.3135) tensor(0.5390)
158.40008974075317
15 tensor(3522.7800) tensor(0.5437) tensor(3442.1721) tensor(0.5351)
159.81095790863037
