1 tensor(6359.1831) tensor(0.4054) tensor(5140.0630) tensor(0.4506)
152.32967400550842
Model saved!
re-initialize model
2 tensor(6273.4805) tensor(0.4336) tensor(4408.8833) tensor(0.5167)
160.17244291305542
Model saved!
3 tensor(3680.6917) tensor(0.5276) tensor(3509.2185) tensor(0.5395)
161.56058144569397
Model saved!
4 tensor(3360.2268) tensor(0.5345) tensor(3580.8059) tensor(0.5362)
162.94107341766357
5 tensor(3480.5535) tensor(0.5359) tensor(3759.1282) tensor(0.5390)
156.23583722114563
6 tensor(3563.6116) tensor(0.5361) tensor(4028.8445) tensor(0.5365)
156.58561873435974
7 tensor(4233.1440) tensor(0.5322) tensor(4142.4438) tensor(0.5408)
154.57057738304138
Model saved!
8 tensor(4270.1948) tensor(0.5335) tensor(4526.0903) tensor(0.5409)
157.5754005908966
Model saved!
9 tensor(4672.2124) tensor(0.5338) tensor(4521.9146) tensor(0.5455)
156.46662616729736
Model saved!
10 tensor(4933.4180) tensor(0.5331) tensor(4849.6616) tensor(0.5445)
156.0967173576355
11 tensor(4928.6250) tensor(0.5337) tensor(4603.8120) tensor(0.5392)
151.85039114952087
12 tensor(4721.1646) tensor(0.5344) tensor(3915.6543) tensor(0.5537)
156.61667132377625
Model saved!
13 tensor(4674.2583) tensor(0.5384) tensor(4254.1841) tensor(0.5515)
152.40400648117065
14 tensor(4571.4565) tensor(0.5367) tensor(4728.7793) tensor(0.5433)
136.07819843292236
15 tensor(4309.0220) tensor(0.5413) tensor(4140.9443) tensor(0.5566)
140.75870013237
Model saved!
16 tensor(4396.0034) tensor(0.5383) tensor(3844.5779) tensor(0.5593)
143.32783436775208
Model saved!
17 tensor(4351.9717) tensor(0.5418) tensor(4824.4985) tensor(0.5434)
135.22417664527893
18 tensor(4365.4380) tensor(0.5426) tensor(4294.3979) tensor(0.5553)
122.96254825592041
19 tensor(4334.8018) tensor(0.5435) tensor(4262.0635) tensor(0.5531)
125.87233257293701
20 tensor(4408.8975) tensor(0.5411) tensor(4270.4897) tensor(0.5506)
125.86585664749146
21 tensor(4454.7642) tensor(0.5408) tensor(4386.0220) tensor(0.5497)
126.41999506950378
