1 tensor(5841.9297) tensor(0.4458) tensor(3366.8359) tensor(0.5236)
148.09946012496948
Model saved!
2 tensor(3824.5898) tensor(0.5317) tensor(2726.7498) tensor(0.5388)
151.25185871124268
Model saved!
3 tensor(3212.3821) tensor(0.5394) tensor(2505.0408) tensor(0.5492)
158.55671620368958
Model saved!
4 tensor(3090.8171) tensor(0.5461) tensor(2859.9873) tensor(0.5510)
159.2594301700592
Model saved!
5 tensor(3175.6580) tensor(0.5472) tensor(3303.4661) tensor(0.5414)
157.15424847602844
6 tensor(3203.9927) tensor(0.5484) tensor(3044.0964) tensor(0.5599)
149.44896841049194
Model saved!
7 tensor(3216.6855) tensor(0.5483) tensor(2953.2341) tensor(0.5610)
151.4896125793457
Model saved!
8 tensor(3438.0134) tensor(0.5450) tensor(3211.5857) tensor(0.5478)
153.86468648910522
9 tensor(3585.5315) tensor(0.5427) tensor(3636.6328) tensor(0.5415)
146.03624773025513
10 tensor(3617.0759) tensor(0.5440) tensor(3387.6267) tensor(0.5404)
151.86537313461304
11 tensor(3821.5056) tensor(0.5391) tensor(3653.3779) tensor(0.5407)
151.7916169166565
12 tensor(3824.3801) tensor(0.5393) tensor(4454.6196) tensor(0.5186)
155.51052570343018
