1 tensor(6227.4678) tensor(0.4485) tensor(5953.4263) tensor(0.5217)
149.6131820678711
Model saved!
2 tensor(4254.4780) tensor(0.5289) tensor(4409.5781) tensor(0.5309)
152.45853924751282
Model saved!
3 tensor(3653.2717) tensor(0.5366) tensor(3502.4988) tensor(0.5300)
159.3660774230957
4 tensor(3458.2871) tensor(0.5389) tensor(3283.6982) tensor(0.5365)
156.76828145980835
Model saved!
5 tensor(3409.4968) tensor(0.5443) tensor(3583.8386) tensor(0.5292)
158.76257348060608
6 tensor(3561.3284) tensor(0.5380) tensor(3778.3545) tensor(0.5260)
151.5974726676941
7 tensor(3491.2668) tensor(0.5411) tensor(3185.0681) tensor(0.5430)
152.58715343475342
Model saved!
8 tensor(3500.4753) tensor(0.5408) tensor(3816.5964) tensor(0.5270)
154.4748830795288
9 tensor(3418.5203) tensor(0.5422) tensor(3208.3235) tensor(0.5462)
148.5966076850891
Model saved!
10 tensor(3172.3215) tensor(0.5449) tensor(3481.2302) tensor(0.5428)
152.67951679229736
11 tensor(3258.3118) tensor(0.5441) tensor(3117.1409) tensor(0.5514)
149.44751024246216
Model saved!
12 tensor(3281.4727) tensor(0.5453) tensor(3380.2629) tensor(0.5505)
154.69723343849182
13 tensor(3715.8752) tensor(0.5459) tensor(3597.5378) tensor(0.5478)
149.2561480998993
14 tensor(4064.2200) tensor(0.5447) tensor(3628.0330) tensor(0.5499)
137.6189262866974
15 tensor(4338.2974) tensor(0.5419) tensor(4561.3701) tensor(0.5398)
138.59591817855835
16 tensor(4281.4165) tensor(0.5433) tensor(3986.9558) tensor(0.5437)
139.18324041366577
