1 tensor(7046.6919) tensor(0.4320) tensor(4618.4438) tensor(0.5098)
113.41298317909241
Model saved!
2 tensor(4019.2654) tensor(0.5317) tensor(4561.6592) tensor(0.5109)
115.29453039169312
Model saved!
3 tensor(3584.6719) tensor(0.5414) tensor(4078.8623) tensor(0.5246)
120.73340463638306
Model saved!
4 tensor(3625.4004) tensor(0.5436) tensor(4315.7144) tensor(0.5088)
121.34628415107727
5 tensor(3399.1321) tensor(0.5507) tensor(2903.1423) tensor(0.5483)
118.3480634689331
Model saved!
6 tensor(3534.6863) tensor(0.5496) tensor(3643.2100) tensor(0.5296)
122.44507956504822
7 tensor(3624.3425) tensor(0.5488) tensor(4304.1558) tensor(0.5390)
119.57072281837463
8 tensor(3757.6868) tensor(0.5487) tensor(3564.0178) tensor(0.5477)
122.45256614685059
9 tensor(3765.3196) tensor(0.5496) tensor(3836.9600) tensor(0.5485)
123.56603002548218
Model saved!
10 tensor(4011.1272) tensor(0.5484) tensor(4579.1362) tensor(0.5386)
124.6986575126648
11 tensor(4099.2085) tensor(0.5485) tensor(4484.2231) tensor(0.5367)
120.7090482711792
12 tensor(4248.1865) tensor(0.5459) tensor(5069.0903) tensor(0.5197)
124.25451159477234
13 tensor(4166.6958) tensor(0.5488) tensor(3268.3010) tensor(0.5329)
124.52299928665161
14 tensor(4468.2686) tensor(0.5467) tensor(6150.0312) tensor(0.5228)
125.46104955673218
