1 tensor(7743.6455) tensor(0.4444) tensor(8822.6123) tensor(0.5072)
159.49036860466003
Model saved!
2 tensor(7302.8882) tensor(0.5219) tensor(6153.4243) tensor(0.5275)
162.33948922157288
Model saved!
3 tensor(5868.7632) tensor(0.5253) tensor(6707.6216) tensor(0.5163)
169.0929913520813
4 tensor(5445.2603) tensor(0.5313) tensor(5426.5811) tensor(0.5284)
164.96681261062622
Model saved!
5 tensor(5224.0425) tensor(0.5327) tensor(4419.6685) tensor(0.5406)
169.82025361061096
Model saved!
6 tensor(5160.2881) tensor(0.5367) tensor(4432.5483) tensor(0.5444)
171.70261096954346
Model saved!
7 tensor(5028.3501) tensor(0.5366) tensor(4998.5376) tensor(0.5380)
171.16040539741516
8 tensor(4951.0820) tensor(0.5352) tensor(5181.4619) tensor(0.5412)
167.29526376724243
9 tensor(5245.2881) tensor(0.5353) tensor(5130.5498) tensor(0.5377)
172.04836106300354
10 tensor(4986.1382) tensor(0.5359) tensor(4654.6118) tensor(0.5271)
171.08180594444275
11 tensor(4856.9272) tensor(0.5362) tensor(5273.7158) tensor(0.5381)
172.6633620262146
