1 tensor(6573.2310) tensor(0.4440) tensor(5409.2334) tensor(0.5358)
160.11060643196106
Model saved!
2 tensor(4361.3843) tensor(0.5375) tensor(6779.8262) tensor(0.5326)
163.35329508781433
3 tensor(4360.7876) tensor(0.5403) tensor(6111.1948) tensor(0.5334)
166.18811559677124
4 tensor(4134.5728) tensor(0.5472) tensor(5077.1313) tensor(0.5395)
169.98221349716187
Model saved!
5 tensor(4385.9512) tensor(0.5506) tensor(4749.2769) tensor(0.5542)
172.8852345943451
Model saved!
6 tensor(4383.9692) tensor(0.5494) tensor(4878.7314) tensor(0.5458)
174.48531031608582
7 tensor(4588.5098) tensor(0.5507) tensor(3362.8992) tensor(0.5582)
168.34217500686646
Model saved!
8 tensor(4686.7803) tensor(0.5482) tensor(5455.2998) tensor(0.5436)
174.45557117462158
9 tensor(5620.2656) tensor(0.5411) tensor(5120.2954) tensor(0.5472)
170.66048789024353
10 tensor(5776.3750) tensor(0.5393) tensor(5412.7461) tensor(0.5484)
173.16169500350952
11 tensor(6184.6470) tensor(0.5354) tensor(6379.0737) tensor(0.5411)
174.1340982913971
12 tensor(6184.4917) tensor(0.5346) tensor(6196.6641) tensor(0.5385)
175.25136804580688
