1 tensor(8042.4795) tensor(0.3952) tensor(6265.5327) tensor(0.4533)
156.05895519256592
Model saved!
re-initialize model
2 tensor(6948.0068) tensor(0.4471) tensor(5312.8745) tensor(0.5188)
165.75180220603943
Model saved!
3 tensor(5263.6919) tensor(0.5254) tensor(5351.5005) tensor(0.5182)
164.7259647846222
4 tensor(4463.8560) tensor(0.5308) tensor(4359.8774) tensor(0.5309)
161.06957817077637
Model saved!
5 tensor(4825.1963) tensor(0.5261) tensor(4302.4443) tensor(0.5285)
166.32037997245789
6 tensor(4510.1055) tensor(0.5286) tensor(5083.9985) tensor(0.5265)
162.39641666412354
7 tensor(4506.4932) tensor(0.5322) tensor(4262.1030) tensor(0.5382)
166.65785765647888
Model saved!
8 tensor(4574.6646) tensor(0.5310) tensor(4349.9502) tensor(0.5389)
168.73911499977112
Model saved!
9 tensor(4463.8042) tensor(0.5340) tensor(4803.2456) tensor(0.5273)
168.6799395084381
10 tensor(4434.2603) tensor(0.5346) tensor(4408.5312) tensor(0.5390)
163.9816358089447
Model saved!
11 tensor(4428.7974) tensor(0.5359) tensor(3629.6375) tensor(0.5499)
168.2020969390869
Model saved!
12 tensor(4289.4141) tensor(0.5382) tensor(4571.9819) tensor(0.5424)
170.9716510772705
13 tensor(4400.1079) tensor(0.5362) tensor(4081.4570) tensor(0.5492)
164.84004974365234
14 tensor(4524.1387) tensor(0.5370) tensor(4869.5923) tensor(0.5288)
169.01286792755127
15 tensor(4494.6001) tensor(0.5358) tensor(4934.3364) tensor(0.5375)
168.31320643424988
16 tensor(4662.7939) tensor(0.5340) tensor(5023.9312) tensor(0.5381)
171.0361933708191
