1 tensor(6605.7495) tensor(0.4039) tensor(7484.9570) tensor(0.4464)
165.42421889305115
Model saved!
re-initialize model
2 tensor(7661.8960) tensor(0.4448) tensor(5252.2896) tensor(0.5388)
174.71998000144958
Model saved!
3 tensor(5124.4526) tensor(0.5242) tensor(4797.5854) tensor(0.5317)
175.32427263259888
4 tensor(5010.0942) tensor(0.5288) tensor(5048.2739) tensor(0.5273)
170.84140539169312
5 tensor(4650.2788) tensor(0.5347) tensor(4461.8384) tensor(0.5282)
175.9842848777771
6 tensor(4760.9404) tensor(0.5332) tensor(4141.6821) tensor(0.5407)
176.22080445289612
Model saved!
7 tensor(4905.9609) tensor(0.5351) tensor(4915.1802) tensor(0.5285)
176.3063781261444
8 tensor(4887.5518) tensor(0.5336) tensor(4716.5425) tensor(0.5374)
172.04305624961853
9 tensor(4513.5649) tensor(0.5368) tensor(4306.0928) tensor(0.5462)
175.27512001991272
Model saved!
10 tensor(4597.0845) tensor(0.5368) tensor(4501.2681) tensor(0.5342)
177.26592898368835
11 tensor(4804.9297) tensor(0.5328) tensor(5140.4136) tensor(0.5361)
171.5360472202301
12 tensor(4714.3760) tensor(0.5341) tensor(4283.0332) tensor(0.5458)
176.3550159931183
13 tensor(4785.3228) tensor(0.5353) tensor(4784.3853) tensor(0.5417)
177.64666533470154
14 tensor(4891.0347) tensor(0.5334) tensor(5240.4468) tensor(0.5359)
176.6496298313141
