1 tensor(8009.0972) tensor(0.4329) tensor(7539.3755) tensor(0.4925)
145.89077806472778
Model saved!
re-initialize model
2 tensor(10462.8701) tensor(0.3896) tensor(4837.7324) tensor(0.4441)
155.3706305027008
Model saved!
re-initialize model
3 tensor(9404.9219) tensor(0.4019) tensor(13841.0508) tensor(0.4306)
162.46586227416992
Model saved!
re-initialize model
4 tensor(11459.4375) tensor(0.4029) tensor(8670.5088) tensor(0.5010)
165.07425665855408
Model saved!
5 tensor(8411.9678) tensor(0.5087) tensor(9160.2158) tensor(0.5063)
159.75759077072144
Model saved!
6 tensor(6338.2695) tensor(0.5234) tensor(3950.1973) tensor(0.5223)
159.69098567962646
Model saved!
7 tensor(5592.4106) tensor(0.5294) tensor(7064.5527) tensor(0.5169)
160.8636395931244
8 tensor(5079.4175) tensor(0.5332) tensor(5125.3149) tensor(0.5325)
156.1730523109436
Model saved!
9 tensor(5088.6763) tensor(0.5341) tensor(5827.2852) tensor(0.5240)
161.14947271347046
10 tensor(4907.1167) tensor(0.5375) tensor(4786.3398) tensor(0.5295)
156.40067410469055
11 tensor(5075.3945) tensor(0.5359) tensor(4804.8936) tensor(0.5310)
157.44013476371765
12 tensor(5048.6226) tensor(0.5366) tensor(5090.9307) tensor(0.5255)
156.68460416793823
13 tensor(5152.4526) tensor(0.5345) tensor(4893.4683) tensor(0.5330)
158.71742224693298
Model saved!
14 tensor(5192.9653) tensor(0.5356) tensor(6342.6875) tensor(0.5116)
159.31235361099243
15 tensor(5144.4307) tensor(0.5352) tensor(4919.0503) tensor(0.5223)
153.5378429889679
16 tensor(5310.4321) tensor(0.5350) tensor(6211.9595) tensor(0.5199)
157.54149174690247
17 tensor(5298.7783) tensor(0.5337) tensor(4697.5122) tensor(0.5335)
152.9037380218506
Model saved!
18 tensor(5223.7651) tensor(0.5322) tensor(4823.9507) tensor(0.5245)
154.04724645614624
19 tensor(5346.7783) tensor(0.5320) tensor(6163.6763) tensor(0.5156)
148.0665261745453
20 tensor(5495.4111) tensor(0.5304) tensor(5706.6738) tensor(0.5210)
151.94937324523926
21 tensor(5504.9844) tensor(0.5294) tensor(5948.8145) tensor(0.5116)
153.15334105491638
22 tensor(5801.0107) tensor(0.5271) tensor(4578.2397) tensor(0.5292)
152.49822306632996
