1 tensor(8988.2852) tensor(0.4139) tensor(6216.2759) tensor(0.5044)
128.57240438461304
Model saved!
2 tensor(6882.6055) tensor(0.5207) tensor(6249.2749) tensor(0.5324)
132.13688492774963
Model saved!
3 tensor(6319.2476) tensor(0.5346) tensor(5338.3403) tensor(0.5194)
138.99890327453613
4 tensor(6510.0044) tensor(0.5319) tensor(6038.8164) tensor(0.5328)
137.32775259017944
Model saved!
5 tensor(5892.5835) tensor(0.5348) tensor(6252.1509) tensor(0.5302)
139.6165246963501
6 tensor(6326.6919) tensor(0.5313) tensor(5591.9185) tensor(0.5328)
138.28061294555664
7 tensor(6360.5269) tensor(0.5317) tensor(6885.1562) tensor(0.5243)
140.12576055526733
8 tensor(6316.4102) tensor(0.5325) tensor(7464.8726) tensor(0.5381)
140.88084077835083
Model saved!
9 tensor(6547.1313) tensor(0.5303) tensor(6379.2578) tensor(0.5313)
139.3919177055359
10 tensor(6687.9731) tensor(0.5295) tensor(6899.8066) tensor(0.5232)
136.92131543159485
11 tensor(6705.7930) tensor(0.5299) tensor(6178.0781) tensor(0.5328)
138.8923568725586
12 tensor(6421.4644) tensor(0.5301) tensor(5624.6172) tensor(0.5342)
140.42017579078674
13 tensor(6411.5142) tensor(0.5318) tensor(5888.5034) tensor(0.5350)
143.8120036125183
